#
# A fatal error has been detected by the Java Runtime Environment:
#
#  SIGSEGV (0xb) at pc=0x000000010a8537e2, pid=36459, tid=41475
#
# JRE version: Java(TM) SE Runtime Environment (12.0.1+12) (build 12.0.1+12)
# Java VM: Java HotSpot(TM) 64-Bit Server VM (12.0.1+12, mixed mode, sharing, tiered, compressed oops, g1 gc, bsd-amd64)
# Problematic frame:
# C  [libjimage.dylib+0x17e2]  _ZN12ImageStrings4findEP6EndianPKcPij+0x56
#
# No core dump will be written. Core dumps have been disabled. To enable core dumping, try "ulimit -c unlimited" before starting Java again
#
# If you would like to submit a bug report, please visit:
#   http://bugreport.java.com/bugreport/crash.jsp
#

---------------  S U M M A R Y ------------

Command Line: -agentlib:jdwp=transport=dt_socket,suspend=y,address=localhost:55350 -javaagent:/Applications/Eclipse.app/Contents/Eclipse/configuration/org.eclipse.osgi/690/0/.cp/lib/javaagent-shaded.jar -Dfile.encoding=UTF-8 --module-path=/Users/kenny/Desktop/YSA/Java1WorkSpace/LindsayJava/bin -Djdk.module.main=LindsayJava LindsayJava/main.Main1

Host: MacBookPro17,1 x86_64 2400 MHz, 8 cores, 8G, Darwin 21.4.0
Time: Sun Aug 28 13:45:29 2022 PDT elapsed time: 174 seconds (0d 0h 2m 54s)

---------------  T H R E A D  ---------------

Current thread (0x00007fc414809000):  JavaThread "Signal Dispatcher" daemon [_thread_in_vm, id=41475, stack(0x0000000308f17000,0x0000000309017000)]

Stack: [0x0000000308f17000,0x0000000309017000],  sp=0x0000000309015340,  free space=1016k
Native frames: (J=compiled Java code, A=aot compiled Java code, j=interpreted, Vv=VM code, C=native code)
C  [libjimage.dylib+0x17e2]  _ZN12ImageStrings4findEP6EndianPKcPij+0x56
C  [libjimage.dylib+0x2445]  _ZNK15ImageFileReader19find_location_indexEPKcPy+0x3f
C  [libjimage.dylib+0x2786]  JIMAGE_FindResource+0xcf
V  [libjvm.dylib+0x1e66cb]  _ZN19ClassPathImageEntry11open_streamEPKcP6Thread+0x45
V  [libjvm.dylib+0x1e8b77]